TN:
SF:src/App.tsx
FN:3,App
FNF:1
FNH:1
FNDA:1,App
DA:4,1
LF:1
LH:1
BRF:0
BRH:0
end_of_record
TN:
SF:src/pages/EmployeePage.tsx
FN:11,(anonymous_0)
FN:30,(anonymous_1)
FN:37,(anonymous_2)
FN:42,(anonymous_3)
FN:73,(anonymous_4)
FN:74,(anonymous_5)
FN:180,(anonymous_6)
FN:188,(anonymous_7)
FN:195,(anonymous_8)
FNF:9
FNH:9
FNDA:112,(anonymous_0)
FNDA:100,(anonymous_1)
FNDA:1,(anonymous_2)
FNDA:5,(anonymous_3)
FNDA:1,(anonymous_4)
FNDA:1,(anonymous_5)
FNDA:20,(anonymous_6)
FNDA:1,(anonymous_7)
FNDA:1,(anonymous_8)
DA:11,2
DA:12,112
DA:19,112
DA:21,112
DA:24,112
DA:30,112
DA:31,100
DA:37,112
DA:38,1
DA:39,1
DA:42,112
DA:43,5
DA:46,5
DA:52,1
DA:53,1
DA:56,4
DA:57,1
DA:58,1
DA:59,1
DA:60,1
DA:67,3
DA:69,4
DA:73,112
DA:74,1
DA:75,1
DA:78,112
DA:181,20
DA:188,1
DA:195,1
LF:29
LH:29
BRDA:46,0,0,1
BRDA:46,0,1,4
BRDA:47,1,0,5
BRDA:47,1,1,4
BRDA:47,1,2,4
BRDA:47,1,3,4
BRDA:56,2,0,1
BRDA:56,2,1,3
BRDA:159,3,0,16
BRDA:159,3,1,96
BRDA:164,4,0,112
BRDA:164,4,1,20
BRF:12
BRH:12
end_of_record
